<?xml version="1.0" encoding="UTF-8"?>
<Site BuildName="Linux-gcc-8"
	BuildStamp="20240321-0706-Experimental"
	Name="won-System-Product-Name"
	Generator="ctest-3.16.3"
	CompilerName=""
	CompilerVersion=""
	OSName="Linux"
	Hostname="won-System-Product-Name"
	OSRelease="5.15.0-100-generic"
	OSVersion="#110~20.04.1-Ubuntu SMP Tue Feb 13 14:25:03 UTC 2024"
	OSPlatform="x86_64"
	Is64Bits="1"
	VendorString="GenuineIntel"
	VendorID="Intel Corporation"
	FamilyID="6"
	ModelID="183"
	ProcessorCacheSize="30720"
	NumberOfLogicalCPU="24"
	NumberOfPhysicalCPU="16"
	TotalVirtualMemory="2047"
	TotalPhysicalMemory="31831"
	LogicalProcessorsPerPhysical="1"
	ProcessorClockFrequency="3400"
	>
	<Testing>
		<StartDateTime>Mar 21 17:01 KST</StartDateTime>
		<StartTestTime>1711008088</StartTestTime>
		<TestList/>
		<EndDateTime>Mar 21 17:01 KST</EndDateTime>
		<EndTestTime>1711008088</EndTestTime>
		<ElapsedMinutes>0</ElapsedMinutes>
	</Testing>
</Site>
