<?xml version="1.0" encoding="UTF-8"?>
<Site BuildName="Linux-g++"
	BuildStamp="20240421-1300-Experimental"
	Name="won-System-Product-Name"
	Generator="ctest-3.22.1"
	CompilerName="/usr/bin/g++"
	CompilerVersion=""
	OSName="Linux"
	Hostname="won-System-Product-Name"
	OSRelease="6.5.0-27-generic"
	OSVersion="#28~22.04.1-Ubuntu SMP PREEMPT_DYNAMIC Fri Mar 15 10:51:06 UTC 2"
	OSPlatform="x86_64"
	Is64Bits="1"
	VendorString="GenuineIntel"
	VendorID="Intel Corporation"
	FamilyID="6"
	ModelID="165"
	ProcessorCacheSize="12288"
	NumberOfLogicalCPU="12"
	NumberOfPhysicalCPU="6"
	TotalVirtualMemory="0"
	TotalPhysicalMemory="15803"
	LogicalProcessorsPerPhysical="2"
	ProcessorClockFrequency="3799.99"
	>
	<Testing>
		<StartDateTime>Apr 22 01:54 KST</StartDateTime>
		<StartTestTime>1713718467</StartTestTime>
		<TestList/>
		<EndDateTime>Apr 22 01:54 KST</EndDateTime>
		<EndTestTime>1713718467</EndTestTime>
		<ElapsedMinutes>0</ElapsedMinutes>
	</Testing>
</Site>
